<?xml version="1.0" encoding="UTF-8"?>
<testng-results ignored="0" total="3" passed="3" failed="0" skipped="0">
  <reporter-output>
  </reporter-output>
  <suite started-at="2023-10-03T18:39:18 IST" name="Default suite" finished-at="2023-10-03T18:45:12 IST" duration-ms="354112">
    <groups>
    </groups>
    <test started-at="2023-10-03T18:39:18 IST" name="Default test" finished-at="2023-10-03T18:45:12 IST" duration-ms="354112">
      <class name="com.flipkart.FlipkartDemo">
        <test-method signature="launchBrowser()[pri:1, instance:com.flipkart.FlipkartDemo@6c1a5b54]" started-at="2023-10-03T18:39:18 IST" name="launchBrowser" finished-at="2023-10-03T18:39:25 IST" duration-ms="6728" status="PASS">
          <reporter-output>
          </reporter-output>
        </test-method> <!-- launchBrowser -->
        <test-method signature="findingMaxMinValues()[pri:2, instance:com.flipkart.FlipkartDemo@6c1a5b54]" started-at="2023-10-03T18:39:25 IST" name="findingMaxMinValues" finished-at="2023-10-03T18:45:12 IST" duration-ms="347308" status="PASS">
          <reporter-output>
          </reporter-output>
        </test-method> <!-- findingMaxMinValues -->
        <test-method signature="method4()[pri:3, instance:com.flipkart.FlipkartDemo@6c1a5b54]" started-at="2023-10-03T18:45:12 IST" name="method4" finished-at="2023-10-03T18:45:12 IST" duration-ms="16" status="PASS">
          <reporter-output>
          </reporter-output>
        </test-method> <!-- method4 -->
      </class> <!-- com.flipkart.FlipkartDemo -->
    </test> <!-- Default test -->
  </suite> <!-- Default suite -->
</testng-results>
