<?xml version="1.0" encoding="UTF-8"?>
<!-- Generated by org.testng.reporters.JUnitXMLReporter -->
<testsuite ignored="0" hostname="LAPTOP-D91JMTOQ" failures="0" tests="3" name="Default test" time="354.112" errors="0" timestamp="2023-10-03T18:45:12 IST">
  <testcase classname="com.flipkart.FlipkartDemo" name="launchBrowser" time="6.728"/>
  <testcase classname="com.flipkart.FlipkartDemo" name="findingMaxMinValues" time="347.308"/>
  <testcase classname="com.flipkart.FlipkartDemo" name="method4" time="0.016"/>
</testsuite> <!-- Default test -->
