<?xml version="1.0" encoding="UTF-8"?>
<testng-results ignored="0" total="1" passed="1" failed="0" skipped="0">
  <reporter-output>
  </reporter-output>
  <suite started-at="2023-09-08T13:26:31 IST" name="Default suite" finished-at="2023-09-08T13:26:47 IST" duration-ms="16115">
    <groups>
    </groups>
    <test started-at="2023-09-08T13:26:31 IST" name="Default test" finished-at="2023-09-08T13:26:47 IST" duration-ms="16115">
      <class name="com.utilities.ImageDemo">
        <test-method signature="getImagesDemo()[pri:0, instance:com.utilities.ImageDemo@f736069]" started-at="2023-09-08T13:26:31 IST" name="getImagesDemo" finished-at="2023-09-08T13:26:47 IST" duration-ms="16054" status="PASS">
          <reporter-output>
          </reporter-output>
        </test-method> <!-- getImagesDemo -->
      </class> <!-- com.utilities.ImageDemo -->
    </test> <!-- Default test -->
  </suite> <!-- Default suite -->
</testng-results>
