<?xml version="1.0" encoding="UTF-8"?>
<testng-results ignored="0" total="1" passed="1" failed="0" skipped="0">
  <reporter-output>
  </reporter-output>
  <suite started-at="2023-07-23T17:58:50 IST" name="Surefire suite" finished-at="2023-07-23T17:58:50 IST" duration-ms="66">
    <groups>
    </groups>
    <test started-at="2023-07-23T17:58:50 IST" name="Surefire test" finished-at="2023-07-23T17:58:50 IST" duration-ms="66">
      <class name="com.test.Test1">
        <test-method signature="method()[pri:0, instance:com.test.Test1@53aad5d5]" started-at="2023-07-23T17:58:50 IST" name="method" finished-at="2023-07-23T17:58:50 IST" duration-ms="7" status="PASS">
          <reporter-output>
          </reporter-output>
        </test-method> <!-- method -->
      </class> <!-- com.test.Test1 -->
    </test> <!-- Surefire test -->
  </suite> <!-- Surefire suite -->
</testng-results>
