<?xml version="1.0" encoding="UTF-8"?>
<testng-results ignored="0" total="1" passed="1" failed="0" skipped="0">
  <reporter-output>
  </reporter-output>
  <suite started-at="2023-10-16T07:25:50 IST" name="Default suite" finished-at="2023-10-16T07:25:50 IST" duration-ms="71">
    <groups>
    </groups>
    <test started-at="2023-10-16T07:25:50 IST" name="Default test" finished-at="2023-10-16T07:25:50 IST" duration-ms="71">
      <class name="com.stringdemo.SpecifiedLetterCount">
        <test-method signature="demo()[pri:0, instance:com.stringdemo.SpecifiedLetterCount@4c1909a3]" started-at="2023-10-16T07:25:50 IST" name="demo" finished-at="2023-10-16T07:25:50 IST" duration-ms="15" status="PASS">
          <reporter-output>
          </reporter-output>
        </test-method> <!-- demo -->
      </class> <!-- com.stringdemo.SpecifiedLetterCount -->
    </test> <!-- Default test -->
  </suite> <!-- Default suite -->
</testng-results>
