<?xml version="1.0" encoding="UTF-8"?>
<testng-results ignored="0" total="1" passed="1" failed="0" skipped="0">
  <reporter-output>
  </reporter-output>
  <suite started-at="2024-02-04T13:44:10 IST" name="Suite" finished-at="2024-02-04T13:44:28 IST" duration-ms="18732">
    <groups>
    </groups>
    <test started-at="2024-02-04T13:44:10 IST" name="Test" finished-at="2024-02-04T13:44:28 IST" duration-ms="18732">
      <class name="mypack.Testing1">
        <test-method signature="m1()[pri:0, instance:mypack.Testing1@13fd2ccd]" started-at="2024-02-04T13:44:10 IST" name="m1" finished-at="2024-02-04T13:44:28 IST" duration-ms="18508" status="PASS">
          <reporter-output>
          </reporter-output>
        </test-method> <!-- m1 -->
      </class> <!-- mypack.Testing1 -->
    </test> <!-- Test -->
  </suite> <!-- Suite -->
</testng-results>
