<?xml version="1.0" encoding="UTF-8"?>
<testng-results ignored="0" total="1" passed="1" failed="0" skipped="0">
  <reporter-output>
  </reporter-output>
  <suite started-at="2023-08-15T20:01:19 IST" name="Default suite" finished-at="2023-08-15T20:01:37 IST" duration-ms="17894">
    <groups>
    </groups>
    <test started-at="2023-08-15T20:01:19 IST" name="Default test" finished-at="2023-08-15T20:01:37 IST" duration-ms="17894">
      <class name="com.crossbrowser.testing.CrossBrowser">
        <test-method signature="method()[pri:0, instance:com.crossbrowser.testing.CrossBrowser@434a63ab]" started-at="2023-08-15T20:01:19 IST" name="method" finished-at="2023-08-15T20:01:37 IST" duration-ms="17845" status="PASS">
          <reporter-output>
          </reporter-output>
        </test-method> <!-- method -->
      </class> <!-- com.crossbrowser.testing.CrossBrowser -->
    </test> <!-- Default test -->
  </suite> <!-- Default suite -->
</testng-results>
